<?xml version="1.0" encoding="UTF-8"?>
<!-- Generated by org.testng.reporters.JUnitXMLReporter -->
<testsuite hostname="Jaivir-Macbook.local" ignored="0" name="LoginTest" tests="1" failures="1" timestamp="18 Jul 2017 08:19:49 GMT" time="0.117" errors="0">
  <testcase name="testSearch" time="0.096" classname="com.snapdeal.test.LoginTest">
    <failure type="org.openqa.selenium.InvalidSelectorException" message="Argument was an invalid selector (e.g. XPath/CSS). (WARNING: The server did not provide any stacktrace information)
Command duration or timeout: 40 milliseconds
For documentation on this error, please visit: http://seleniumhq.org/exceptions/invalid_selector_exception.html
Build info: version: &amp;apos;3.4.0&amp;apos;, revision: &amp;apos;unknown&amp;apos;, time: &amp;apos;unknown&amp;apos;
System info: host: &amp;apos;Jaivir-Macbook.local&amp;apos;, ip: &amp;apos;10.20.86.34&amp;apos;, os.name: &amp;apos;Mac OS X&amp;apos;, os.arch: &amp;apos;x86_64&amp;apos;, os.version: &amp;apos;10.12.4&amp;apos;, java.version: &amp;apos;1.8.0_102&amp;apos;
Driver info: org.openqa.selenium.remote.RemoteWebDriver
Capabilities [{appPackage=com.snapdeal.main, deviceScreenSize=1440x2560, networkConnectionEnabled=true, warnings={}, databaseEnabled=false, deviceName=031603c167b51801, platform=LINUX, deviceUDID=031603c167b51801, appActivity=com.snapdeal.ui.material.activity.MaterialMainActivity, desired={appPackage=com.snapdeal.main, appActivity=com.snapdeal.ui.material.activity.MaterialMainActivity, BROWSER_NAME=Chrome, VERSION=7.0.2, platformName=Android, deviceName=SamsungEdge6}, BROWSER_NAME=Chrome, platformVersion=7.0, webStorageEnabled=false, locationContextEnabled=false, VERSION=7.0.2, takesScreenshot=true, javascriptEnabled=true, deviceModel=SM-G925I, platformName=Android, deviceManufacturer=samsung}]
Session ID: ec579b40-7dff-46b4-abe3-8786b00bb357
*** Element info: {Using=xpath, value=//[@id=&amp;apos;com.snapdeal.main:id/toolBar&amp;apos; AND @class=&amp;apos;android.view.ViewGroup&amp;apos;]}">
      <![CDATA[org.openqa.selenium.InvalidSelectorException: Argument was an invalid selector (e.g. XPath/CSS). (WARNING: The server did not provide any stacktrace information)
Command duration or timeout: 40 milliseconds
For documentation on this error, please visit: http://seleniumhq.org/exceptions/invalid_selector_exception.html
Build info: version: '3.4.0', revision: 'unknown', time: 'unknown'
System info: host: 'Jaivir-Macbook.local', ip: '10.20.86.34', os.name: 'Mac OS X', os.arch: 'x86_64', os.version: '10.12.4', java.version: '1.8.0_102'
Driver info: org.openqa.selenium.remote.RemoteWebDriver
Capabilities [{appPackage=com.snapdeal.main, deviceScreenSize=1440x2560, networkConnectionEnabled=true, warnings={}, databaseEnabled=false, deviceName=031603c167b51801, platform=LINUX, deviceUDID=031603c167b51801, appActivity=com.snapdeal.ui.material.activity.MaterialMainActivity, desired={appPackage=com.snapdeal.main, appActivity=com.snapdeal.ui.material.activity.MaterialMainActivity, BROWSER_NAME=Chrome, VERSION=7.0.2, platformName=Android, deviceName=SamsungEdge6}, BROWSER_NAME=Chrome, platformVersion=7.0, webStorageEnabled=false, locationContextEnabled=false, VERSION=7.0.2, takesScreenshot=true, javascriptEnabled=true, deviceModel=SM-G925I, platformName=Android, deviceManufacturer=samsung}]
Session ID: ec579b40-7dff-46b4-abe3-8786b00bb357
*** Element info: {Using=xpath, value=//[@id='com.snapdeal.main:id/toolBar' AND @class='android.view.ViewGroup']}
	at org.openqa.selenium.remote.ErrorHandler.createThrowable(ErrorHandler.java:215)
	at org.openqa.selenium.remote.ErrorHandler.throwIfResponseFailed(ErrorHandler.java:167)
	at org.openqa.selenium.remote.RemoteWebDriver.execute(RemoteWebDriver.java:671)
	at org.openqa.selenium.remote.RemoteWebDriver.findElements(RemoteWebDriver.java:437)
	at org.openqa.selenium.remote.RemoteWebDriver.findElementsByXPath(RemoteWebDriver.java:513)
	at org.openqa.selenium.By$ByXPath.findElements(By.java:356)
	at org.openqa.selenium.remote.RemoteWebDriver.findElements(RemoteWebDriver.java:398)
	at com.snapdeal.Pages.HomePage.VerifyHomePage(HomePage.java:21)
	at com.snapdeal.test.LoginTest.testSearch(LoginTest.java:18)
... Removed 29 stack frames]]>
    </failure>
  </testcase> <!-- testSearch -->
</testsuite> <!-- LoginTest -->
